<?xml version="1.0" encoding="UTF-8"?>
<!-- Generated by org.testng.reporters.JUnitReportReporter -->
<testsuite hostname="krishna" failures="0" tests="2" name="sample.SampleTest" time="0.011" errors="0" timestamp="2023-03-03T18:10:23 IST" skipped="0">
  <testcase classname="sample.SampleTest" name="game2" time="0.001"/>
  <system-out/>
  <testcase classname="sample.SampleTest" name="game" time="0.010"/>
  <system-out/>
</testsuite> <!-- sample.SampleTest -->
