<?xml version="1.0" encoding="UTF-8"?>
<!-- Generated by org.testng.reporters.JUnitReportReporter -->
<testsuite hostname="krishna" failures="0" tests="1" name="demo.CreateOrgTest" time="0.010" errors="0" timestamp="2023-01-21T01:28:38 IST" skipped="0">
  <testcase classname="demo.CreateOrgTest" name="test1" time="0.010"/>
  <system-out/>
</testsuite> <!-- demo.CreateOrgTest -->
