<?xml version="1.0" encoding="UTF-8"?>
<!-- Generated by org.testng.reporters.JUnitReportReporter -->
<testsuite hostname="krishna" failures="0" tests="1" name="demo.SampleDemo" time="0.013" errors="0" timestamp="2023-01-21T02:13:52 IST" skipped="0">
  <testcase classname="demo.SampleDemo" name="demo" time="0.013"/>
  <system-out/>
</testsuite> <!-- demo.SampleDemo -->
